action: py36, msg: installpkg
cwd: /home/saqib/Documents/dev/python/cicd/python-webcount
cmd: /home/saqib/Documents/dev/python/cicd/python-webcount/.tox/py36/bin/python -m pip install --exists-action w .tox/.tmp/package/1/webcount-0.1.zip
Processing ./.tox/.tmp/package/1/webcount-0.1.zip
Requirement already satisfied: requests in ./.tox/py36/lib/python3.6/site-packages (from webcount==0.1) (2.22.0)
Requirement already satisfied: certifi>=2017.4.17 in ./.tox/py36/lib/python3.6/site-packages (from requests->webcount==0.1) (2019.9.11)
Requirement already satisfied: idna<2.9,>=2.5 in ./.tox/py36/lib/python3.6/site-packages (from requests->webcount==0.1) (2.8)
Requirement already satisfied: urllib3!=1.25.0,!=1.25.1,<1.26,>=1.21.1 in ./.tox/py36/lib/python3.6/site-packages (from requests->webcount==0.1) (1.25.6)
Requirement already satisfied: chardet<3.1.0,>=3.0.2 in ./.tox/py36/lib/python3.6/site-packages (from requests->webcount==0.1) (3.0.4)
Building wheels for collected packages: webcount
  Building wheel for webcount (setup.py): started
  Building wheel for webcount (setup.py): finished with status 'done'
  Created wheel for webcount: filename=webcount-0.1-cp36-none-any.whl size=2228 sha256=d234b8eeea60d580ba0dbabc1c99913f62e1b2e0b5ffb70b4d33288644243a94
  Stored in directory: /home/saqib/.cache/pip/wheels/3a/5c/3a/d7a73bf420733c7ee6da14176c15453b425b551103ffc2b7e3
Successfully built webcount
Installing collected packages: webcount
  Found existing installation: webcount 0.1
    Not uninstalling webcount at /home/saqib/Documents/dev/python/cicd/python-webcount, outside environment /home/saqib/Documents/dev/python/cicd/python-webcount/.tox/py36
    Can't uninstall 'webcount'. No files were found to uninstall.
Successfully installed webcount-0.1
WARNING: You are using pip version 19.2.3, however version 19.3 is available.
You should consider upgrading via the 'pip install --upgrade pip' command.
